<?xml version="1.0" encoding="UTF-8"?>
<testsuite name="main.UserManagerTest" tests="2" skipped="0" failures="0" errors="0" timestamp="2024-08-04T10:04:57" hostname="DESKTOP-2F9TN2V" time="0.475">
  <properties/>
  <testcase name="createUser_withUnusedEmail_createsUserSuccessfully()" classname="main.UserManagerTest" time="0.192"/>
  <testcase name="createUser_withEmailInUse_throwsUserExistsException()" classname="main.UserManagerTest" time="0.281"/>
  <system-out><![CDATA[]]></system-out>
  <system-err><![CDATA[]]></system-err>
</testsuite>
